app/build/intermediates/manifest_merge_blame_file/debug/manifest-merger-blame-debug-report.txt
1<?xml version="1.0" encoding="utf-8"?>
2<manifest xmlns:android="http://schemas.android.com/apk/res/android"
3    package="com.example.weather_project"
4    android:versionCode="1"
5    android:versionName="1.0" >
6
7    <uses-sdk
8        android:minSdkVersion="19"
8-->src\main\AndroidManifest.xml
9        android:targetSdkVersion="32" />
9-->src\main\AndroidManifest.xml
10
11    <uses-permission android:name="android.permission.ACCESS_COARSE_LOCATION" />
11-->src\main\AndroidManifest.xml:6:5-81
11-->src\main\AndroidManifest.xml:6:22-78
12    <uses-permission android:name="android.permission.INTERNET" />
12-->src\main\AndroidManifest.xml:7:5-67
12-->src\main\AndroidManifest.xml:7:22-64
13
14    <!-- Include required permissions for Google Maps API to run. -->
15    <uses-permission android:name="android.permission.ACCESS_NETWORK_STATE" />
15-->[com.google.android.gms:play-services-maps:18.1.0] AndroidManifest.xml:23:5-79
15-->[com.google.android.gms:play-services-maps:18.1.0] AndroidManifest.xml:23:22-76
16
17    <uses-feature
17-->[com.google.android.gms:play-services-maps:18.1.0] AndroidManifest.xml:26:5-28:35
18        android:glEsVersion="0x00020000"
18-->[com.google.android.gms:play-services-maps:18.1.0] AndroidManifest.xml:27:9-41
19        android:required="true" />
19-->[com.google.android.gms:play-services-maps:18.1.0] AndroidManifest.xml:28:9-32
20
21    <queries>
21-->[com.google.android.gms:play-services-maps:18.1.0] AndroidManifest.xml:30:5-34:15
22
23        <!-- Needs to be explicitly declared on Android R+ -->
24        <package android:name="com.google.android.apps.maps" />
24-->[com.google.android.gms:play-services-maps:18.1.0] AndroidManifest.xml:33:9-64
24-->[com.google.android.gms:play-services-maps:18.1.0] AndroidManifest.xml:33:18-61
25    </queries>
26
27    <application
27-->src\main\AndroidManifest.xml:9:5-51:19
28        android:allowBackup="true"
28-->src\main\AndroidManifest.xml:10:9-35
29        android:appComponentFactory="androidx.core.app.CoreComponentFactory"
29-->[androidx.core:core:1.8.0] AndroidManifest.xml:24:18-86
30        android:dataExtractionRules="@xml/data_extraction_rules"
30-->src\main\AndroidManifest.xml:11:9-65
31        android:debuggable="true"
32        android:fullBackupContent="@xml/backup_rules"
32-->src\main\AndroidManifest.xml:12:9-54
33        android:icon="@mipmap/ic_launcher"
33-->src\main\AndroidManifest.xml:13:9-43
34        android:label="@string/app_name"
34-->src\main\AndroidManifest.xml:14:9-41
35        android:roundIcon="@mipmap/ic_launcher_round"
35-->src\main\AndroidManifest.xml:15:9-54
36        android:supportsRtl="true"
36-->src\main\AndroidManifest.xml:16:9-35
37        android:testOnly="true"
38        android:theme="@style/Theme.Weather_project" >
38-->src\main\AndroidManifest.xml:17:9-53
39
40        <!--
41             TODO: Before you run your application, you need a Google Maps API key.
42
43             To get one, follow the directions here:
44
45                https://developers.google.com/maps/documentation/android-sdk/get-api-key
46
47             Once you have your API key (it starts with "AIza"), define a new property in your
48             project's local.properties file (e.g. MAPS_API_KEY=Aiza...), and replace the
49             "YOUR_API_KEY" string in this file with "${MAPS_API_KEY}".
50        -->
51        <meta-data
51-->src\main\AndroidManifest.xml:31:9-33:71
52            android:name="com.google.android.geo.API_KEY"
52-->src\main\AndroidManifest.xml:32:13-58
53            android:value="AIzaSyBPCOGQUb2w6-qcQLCSafnsiKKhZj23YZk" />
53-->src\main\AndroidManifest.xml:33:13-68
54
55        <activity
55-->src\main\AndroidManifest.xml:35:9-38:59
56            android:name="com.example.weather_project.MapsActivity"
56-->src\main\AndroidManifest.xml:36:13-41
57            android:exported="false"
57-->src\main\AndroidManifest.xml:37:13-37
58            android:label="@string/title_activity_maps" />
58-->src\main\AndroidManifest.xml:38:13-56
59        <activity
59-->src\main\AndroidManifest.xml:39:9-41:40
60            android:name="com.example.weather_project.cityList"
60-->src\main\AndroidManifest.xml:40:13-37
61            android:exported="false" />
61-->src\main\AndroidManifest.xml:41:13-37
62        <activity
62-->src\main\AndroidManifest.xml:42:9-50:20
63            android:name="com.example.weather_project.MainActivity"
63-->src\main\AndroidManifest.xml:43:13-41
64            android:exported="true" >
64-->src\main\AndroidManifest.xml:44:13-36
65            <intent-filter>
65-->src\main\AndroidManifest.xml:45:13-49:29
66                <action android:name="android.intent.action.MAIN" />
66-->src\main\AndroidManifest.xml:46:17-69
66-->src\main\AndroidManifest.xml:46:25-66
67
68                <category android:name="android.intent.category.LAUNCHER" />
68-->src\main\AndroidManifest.xml:48:17-77
68-->src\main\AndroidManifest.xml:48:27-74
69            </intent-filter>
70        </activity>
71        <!-- Needs to be explicitly declared on P+ -->
72        <uses-library
72-->[com.google.android.gms:play-services-maps:18.1.0] AndroidManifest.xml:39:9-41:40
73            android:name="org.apache.http.legacy"
73-->[com.google.android.gms:play-services-maps:18.1.0] AndroidManifest.xml:40:13-50
74            android:required="false" />
74-->[com.google.android.gms:play-services-maps:18.1.0] AndroidManifest.xml:41:13-37
75
76        <activity
76-->[com.google.android.gms:play-services-base:18.0.1] AndroidManifest.xml:20:9-22:45
77            android:name="com.google.android.gms.common.api.GoogleApiActivity"
77-->[com.google.android.gms:play-services-base:18.0.1] AndroidManifest.xml:20:19-85
78            android:exported="false"
78-->[com.google.android.gms:play-services-base:18.0.1] AndroidManifest.xml:22:19-43
79            android:theme="@android:style/Theme.Translucent.NoTitleBar" />
79-->[com.google.android.gms:play-services-base:18.0.1] AndroidManifest.xml:21:19-78
80
81        <meta-data
81-->[com.google.android.gms:play-services-basement:18.0.0] AndroidManifest.xml:21:9-23:69
82            android:name="com.google.android.gms.version"
82-->[com.google.android.gms:play-services-basement:18.0.0] AndroidManifest.xml:22:13-58
83            android:value="@integer/google_play_services_version" />
83-->[com.google.android.gms:play-services-basement:18.0.0] AndroidManifest.xml:23:13-66
84
85        <provider
85-->[androidx.emoji2:emoji2:1.2.0] AndroidManifest.xml:24:9-32:20
86            android:name="androidx.startup.InitializationProvider"
86-->[androidx.emoji2:emoji2:1.2.0] AndroidManifest.xml:25:13-67
87            android:authorities="com.example.weather_project.androidx-startup"
87-->[androidx.emoji2:emoji2:1.2.0] AndroidManifest.xml:26:13-68
88            android:exported="false" >
88-->[androidx.emoji2:emoji2:1.2.0] AndroidManifest.xml:27:13-37
89            <meta-data
89-->[androidx.emoji2:emoji2:1.2.0] AndroidManifest.xml:29:13-31:52
90                android:name="androidx.emoji2.text.EmojiCompatInitializer"
90-->[androidx.emoji2:emoji2:1.2.0] AndroidManifest.xml:30:17-75
91                android:value="androidx.startup" />
91-->[androidx.emoji2:emoji2:1.2.0] AndroidManifest.xml:31:17-49
92            <meta-data
92-->[androidx.lifecycle:lifecycle-process:2.4.1] AndroidManifest.xml:31:13-33:52
93                android:name="androidx.lifecycle.ProcessLifecycleInitializer"
93-->[androidx.lifecycle:lifecycle-process:2.4.1] AndroidManifest.xml:32:17-78
94                android:value="androidx.startup" />
94-->[androidx.lifecycle:lifecycle-process:2.4.1] AndroidManifest.xml:33:17-49
95        </provider>
96    </application>
97
98</manifest>